
> backend@1.0.0 build D:\Python_Gereksinimleri\Venvler\DeepWebAi\packages\backend
> tsc

../../libs/error-tracking/sentry-integration.ts(1,25): error TS2307: Cannot find module '@sentry/node' or its corresponding type declarations.
../../libs/error-tracking/sentry-integration.ts(2,42): error TS2307: Cannot find module '@sentry/profiling-node' or its corresponding type declarations.
src/auth/index.ts(367,8): error TS2554: Expected 1 arguments, but got 2.
src/auth/index.ts(369,16): error TS2339: Property 'length' does not exist on type 'UnsafeRawSql'.
src/auth/index.ts(440,14): error TS2339: Property 'user' does not exist on type '{ body: unknown; query: Record<string, string>; params: Record<string, string>; headers: Record<string, string>; cookie: Record<string, Cookie<string>>; ... 8 more ...; error: <const Code extends number | keyof StatusMap, const T = Code extends 300 | ... 58 more ... | 511 ? { ...; }[Code] : Code>(code: Code, respons...'.
src/auth/index.ts(453,16): error TS2339: Property 'user' does not exist on type '{ body: unknown; query: Record<string, string>; params: Record<string, string>; headers: Record<string, string>; cookie: Record<string, Cookie<string>>; ... 8 more ...; error: <const Code extends number | keyof StatusMap, const T = Code extends 300 | ... 58 more ... | 511 ? { ...; }[Code] : Code>(code: Code, respons...'.
src/auth/oauth.ts(310,41): error TS2339: Property 'lucia' does not exist on type 'typeof AuthService'.
src/auth/oauth.ts(343,41): error TS2339: Property 'lucia' does not exist on type 'typeof AuthService'.
src/auth/oauth.ts(413,39): error TS2339: Property 'lucia' does not exist on type 'typeof AuthService'.
src/auth/security.ts(466,7): error TS2322: Type '{ 'Retry-After': string; 'www-authenticate'?: string; authorization?: string; 'proxy-authenticate'?: string; 'proxy-authorization'?: string; age?: string; 'cache-control'?: string; 'clear-site-data'?: string; ... 83 more ...; 'x-ua-compatible'?: string; }' is not assignable to type 'HTTPHeaders'.
  Type '{ 'Retry-After': string; 'www-authenticate'?: string; authorization?: string; 'proxy-authenticate'?: string; 'proxy-authorization'?: string; age?: string; 'cache-control'?: string; 'clear-site-data'?: string; ... 83 more ...; 'x-ua-compatible'?: string; }' is not assignable to type 'Record<string, string | number>'.
    Property ''set-cookie'' is incompatible with index signature.
      Type 'string | string[]' is not assignable to type 'string | number'.
src/database/operations/ai.queries.ts(184,8): error TS2554: Expected 1 arguments, but got 2.
src/database/operations/ai.queries.ts(194,19): error TS2339: Property 'count' does not exist on type 'Record<string, any>[]'.
src/database/operations/ai.queries.ts(243,8): error TS2554: Expected 1 arguments, but got 2.
src/database/operations/ai.queries.ts(245,5): error TS2740: Type 'UnsafeRawSql' is missing the following properties from type '{ id?: string; role?: "user" | "assistant" | "system"; created_at?: Date; metadata?: Record<string, any>; content?: string; conversation_id?: string; token_count?: number; }[]': length, pop, push, concat, and 29 more.
src/database/operations/ai.queries.ts(279,8): error TS2554: Expected 1 arguments, but got 2.
src/database/operations/ai.queries.ts(289,19): error TS2339: Property 'count' does not exist on type 'Record<string, any>[]'.
src/database/operations/ai.queries.ts(375,8): error TS2554: Expected 1 arguments, but got 2.
src/database/operations/ai.queries.ts(386,8): error TS2554: Expected 1 arguments, but got 2.
src/database/operations/ai.queries.ts(389,7): error TS2740: Type 'UnsafeRawSql' is missing the following properties from type 'any[]': length, pop, push, concat, and 29 more.
src/database/operations/ai.queries.ts(421,8): error TS2554: Expected 1 arguments, but got 2.
src/database/operations/ai.queries.ts(423,5): error TS2322: Type 'UnsafeRawSql' is not assignable to type 'any[]'.
src/database/operations/user.queries.ts(112,8): error TS2554: Expected 1 arguments, but got 2.
src/database/operations/user.queries.ts(125,19): error TS2339: Property 'count' does not exist on type 'Record<string, any>[]'.
src/database/operations/user.queries.ts(165,8): error TS2554: Expected 1 arguments, but got 2.
src/database/operations/user.queries.ts(173,8): error TS2554: Expected 1 arguments, but got 2.
src/database/operations/user.queries.ts(176,7): error TS2740: Type 'UnsafeRawSql' is missing the following properties from type '{ id?: string; email?: string; username?: string; role?: "user" | "admin" | "developer" | "premium"; preferences?: Record<string, any>; display_name?: string; avatar_url?: string; is_verified?: boolean; created_at?: Date; last_login_at?: Date; bio?: string; updated_at?: Date; }[]': length, pop, push, concat, and 29 more.
src/database/operations/user.queries.ts(219,5): error TS2739: Type 'Record<string, any>' is missing the following properties from type '{ totalConversations: number; totalMessages: number; totalTokensUsed: number; totalCost: number; }': totalConversations, totalMessages, totalTokensUsed, totalCost
src/elysia.config.ts(81,22): error TS2339: Property 'message' does not exist on type 'Readonly<Error> | Readonly<ValidationError> | Readonly<NotFoundError> | Readonly<ParseError> | Readonly<...> | Readonly<...> | Readonly<...> | Readonly<...>'.
  Property 'message' does not exist on type 'Readonly<ElysiaCustomStatusResponse<number, number, number>>'.
src/elysia.config.ts(82,20): error TS2339: Property 'stack' does not exist on type 'Readonly<Error> | Readonly<ValidationError> | Readonly<NotFoundError> | Readonly<ParseError> | Readonly<...> | Readonly<...> | Readonly<...> | Readonly<...>'.
  Property 'stack' does not exist on type 'Readonly<ElysiaCustomStatusResponse<number, number, number>>'.
src/elysia.config.ts(92,15): error TS2339: Property 'message' does not exist on type 'Readonly<Error> | Readonly<ValidationError> | Readonly<NotFoundError> | Readonly<ParseError> | Readonly<...> | Readonly<...> | Readonly<...> | Readonly<...>'.
  Property 'message' does not exist on type 'Readonly<ElysiaCustomStatusResponse<number, number, number>>'.
src/elysia.config.ts(92,57): error TS2339: Property 'message' does not exist on type 'Readonly<Error> | Readonly<ValidationError> | Readonly<NotFoundError> | Readonly<ParseError> | Readonly<...> | Readonly<...> | Readonly<...> | Readonly<...>'.
  Property 'message' does not exist on type 'Readonly<ElysiaCustomStatusResponse<number, number, number>>'.
src/elysia.config.ts(100,15): error TS2339: Property 'message' does not exist on type 'Readonly<Error> | Readonly<ValidationError> | Readonly<NotFoundError> | Readonly<ParseError> | Readonly<...> | Readonly<...> | Readonly<...> | Readonly<...>'.
  Property 'message' does not exist on type 'Readonly<ElysiaCustomStatusResponse<number, number, number>>'.
src/elysia.config.ts(100,54): error TS2339: Property 'message' does not exist on type 'Readonly<Error> | Readonly<ValidationError> | Readonly<NotFoundError> | Readonly<ParseError> | Readonly<...> | Readonly<...> | Readonly<...> | Readonly<...>'.
  Property 'message' does not exist on type 'Readonly<ElysiaCustomStatusResponse<number, number, number>>'.
src/elysia.config.ts(108,15): error TS2339: Property 'message' does not exist on type 'Readonly<Error> | Readonly<ValidationError> | Readonly<NotFoundError> | Readonly<ParseError> | Readonly<...> | Readonly<...> | Readonly<...> | Readonly<...>'.
  Property 'message' does not exist on type 'Readonly<ElysiaCustomStatusResponse<number, number, number>>'.
src/elysia.config.ts(116,15): error TS2339: Property 'message' does not exist on type 'Readonly<Error> | Readonly<ValidationError> | Readonly<NotFoundError> | Readonly<ParseError> | Readonly<...> | Readonly<...> | Readonly<...> | Readonly<...>'.
  Property 'message' does not exist on type 'Readonly<ElysiaCustomStatusResponse<number, number, number>>'.
src/elysia.config.ts(116,55): error TS2339: Property 'message' does not exist on type 'Readonly<Error> | Readonly<ValidationError> | Readonly<NotFoundError> | Readonly<ParseError> | Readonly<...> | Readonly<...> | Readonly<...> | Readonly<...>'.
  Property 'message' does not exist on type 'Readonly<ElysiaCustomStatusResponse<number, number, number>>'.
src/elysia.config.ts(120,24): error TS2339: Property 'message' does not exist on type 'Readonly<Error> | Readonly<ValidationError> | Readonly<NotFoundError> | Readonly<ParseError> | Readonly<...> | Readonly<...> | Readonly<...> | Readonly<...>'.
  Property 'message' does not exist on type 'Readonly<ElysiaCustomStatusResponse<number, number, number>>'.
src/elysia.config.ts(128,53): error TS2339: Property 'message' does not exist on type 'Readonly<Error> | Readonly<ValidationError> | Readonly<NotFoundError> | Readonly<ParseError> | Readonly<...> | Readonly<...> | Readonly<...> | Readonly<...>'.
  Property 'message' does not exist on type 'Readonly<ElysiaCustomStatusResponse<number, number, number>>'.
src/elysia.config.ts(146,6): error TS2339: Property 'onResponse' does not exist on type 'Elysia<"", { decorator: {}; store: {}; derive: {}; resolve: {}; }, { typebox: {}; error: {}; }, { schema: {}; standaloneSchema: {}; macro: {}; macroFn: {}; parser: {}; }, {}, { derive: {}; resolve: {}; schema: {}; standaloneSchema: {}; }, { ...; }>'.
src/middleware/analytics.middleware.ts(64,9): error TS2304: Cannot find name 'logger'.
src/middleware/analytics.middleware.ts(71,34): error TS2339: Property 'status' does not exist on type 'Readonly<Error> | Readonly<ValidationError> | Readonly<NotFoundError> | Readonly<ParseError> | Readonly<...> | Readonly<...> | Readonly<...> | Readonly<...>'.
  Property 'status' does not exist on type 'Readonly<Error>'.
src/middleware/analytics.middleware.ts(72,34): error TS2339: Property 'startTime' does not exist on type 'Request'.
src/middleware/analytics.middleware.ts(72,67): error TS2339: Property 'startTime' does not exist on type 'Request'.
src/middleware/analytics.middleware.ts(82,9): error TS2304: Cannot find name 'logger'.
src/middleware/cors.ts(42,5): error TS2353: Object literal may only specify known properties, and 'preflightContinue' does not exist in type 'CORSConfig'.
src/middleware/cors.ts(46,36): error TS2339: Property 'origin' does not exist on type 'Headers'.
src/middleware/deepwebai-flag.middleware.ts(13,11): error TS2345: Argument of type '({ headers, query }: { body: unknown; query: Record<string, string>; params: Record<string, string>; headers: Record<string, string>; cookie: Record<string, Cookie<string>>; ... 8 more ...; error: <const Code extends number | keyof StatusMap, const T = Code extends 300 | ... 58 more ... | 511 ? { ...; }[Code] : Code...' is not assignable to parameter of type '(context: { body: unknown; query: Record<string, string>; params: Record<string, string>; headers: Record<string, string>; cookie: Record<string, Cookie<string>>; ... 8 more ...; error: <const Code extends number | keyof StatusMap, const T = Code extends 300 | ... 58 more ... | 511 ? { ...; }[Code] : Code>(code: Cod...'.
  Type 'Promise<DeepWebAIFlagContext & { userContext: { id: string; email: string; role: string; customAttributes: { timestamp: string; source: string; }; }; }>' is not assignable to type 'MaybePromise<void | Record<string, unknown> | ElysiaCustomStatusResponse<any, any, any>>'.
    Type 'Promise<DeepWebAIFlagContext & { userContext: { id: string; email: string; role: string; customAttributes: { timestamp: string; source: string; }; }; }>' is not assignable to type 'Promise<void | Record<string, unknown> | ElysiaCustomStatusResponse<any, any, any>>'.
      Type 'DeepWebAIFlagContext & { userContext: { id: string; email: string; role: string; customAttributes: { timestamp: string; source: string; }; }; }' is not assignable to type 'void | Record<string, unknown> | ElysiaCustomStatusResponse<any, any, any>'.
        Type 'DeepWebAIFlagContext & { userContext: { id: string; email: string; role: string; customAttributes: { timestamp: string; source: string; }; }; }' is not assignable to type 'Record<string, unknown>'.
          Index signature for type 'string' is missing in type 'DeepWebAIFlagContext & { userContext: { id: string; email: string; role: string; customAttributes: { timestamp: string; source: string; }; }; }'.
src/middleware/deepwebai-flag.middleware.ts(70,22): error TS2339: Property 'isDeepWebAIFlagEnabled' does not exist on type '{ [x: string]: unknown; body: unknown; query: Record<string, string>; params: Record<string, string>; headers: Record<string, string>; cookie: Record<string, Cookie<string>>; ... 8 more ...; error: <const Code extends number | keyof StatusMap, const T = Code extends 300 | ... 58 more ... | 511 ? { ...; }[Code] : Cod...'.
src/middleware/deepwebai-flag.middleware.ts(70,46): error TS2339: Property 'userContext' does not exist on type '{ [x: string]: unknown; body: unknown; query: Record<string, string>; params: Record<string, string>; headers: Record<string, string>; cookie: Record<string, Cookie<string>>; ... 8 more ...; error: <const Code extends number | keyof StatusMap, const T = Code extends 300 | ... 58 more ... | 511 ? { ...; }[Code] : Cod...'.
src/middleware/deepwebai-flag.middleware.ts(85,22): error TS2339: Property 'isDeepWebAIFlagEnabled' does not exist on type '{ body: unknown; query: Record<string, string>; params: Record<string, string>; headers: Record<string, string>; cookie: Record<string, Cookie<string>>; ... 8 more ...; error: <const Code extends number | keyof StatusMap, const T = Code extends 300 | ... 58 more ... | 511 ? { ...; }[Code] : Code>(code: Code, respons...'.
src/middleware/helmet.ts(91,15): error TS2345: Argument of type '{ contentSecurityPolicy: { directives: { defaultSrc: string[]; scriptSrc: string[]; styleSrc: string[]; fontSrc: string[]; imgSrc: string[]; connectSrc: string[]; mediaSrc: string[]; objectSrc: string[]; childSrc: string[]; workerSrc: string[]; frameSrc: string[]; formAction: string[]; upgradeInsecureRequests: any[]...' is not assignable to parameter of type 'Readonly<HelmetOptions>'.
  Type '{ contentSecurityPolicy: { directives: { defaultSrc: string[]; scriptSrc: string[]; styleSrc: string[]; fontSrc: string[]; imgSrc: string[]; connectSrc: string[]; mediaSrc: string[]; objectSrc: string[]; childSrc: string[]; workerSrc: string[]; frameSrc: string[]; formAction: string[]; upgradeInsecureRequests: any[]...' is not assignable to type 'Readonly<{ seed?: string; aot?: boolean; contentSecurityPolicy?: boolean | ContentSecurityPolicyOptions; crossOriginEmbedderPolicy?: boolean | CrossOriginEmbedderPolicyOptions; crossOriginOpenerPolicy?: boolean | CrossOriginOpenerPolicyOptions; crossOriginResourcePolicy?: boolean | CrossOriginResourcePolicyOptions; ...'.
    Type '{ contentSecurityPolicy: { directives: { defaultSrc: string[]; scriptSrc: string[]; styleSrc: string[]; fontSrc: string[]; imgSrc: string[]; connectSrc: string[]; mediaSrc: string[]; objectSrc: string[]; childSrc: string[]; workerSrc: string[]; frameSrc: string[]; formAction: string[]; upgradeInsecureRequests: any[]...' is not assignable to type 'Readonly<{ seed?: string; aot?: boolean; contentSecurityPolicy?: boolean | ContentSecurityPolicyOptions; crossOriginEmbedderPolicy?: boolean | CrossOriginEmbedderPolicyOptions; crossOriginOpenerPolicy?: boolean | CrossOriginOpenerPolicyOptions; crossOriginResourcePolicy?: boolean | CrossOriginResourcePolicyOptions; ...'.
      Types of property 'referrerPolicy' are incompatible.
        Type '{ policy: string; }' is not assignable to type 'boolean | ReferrerPolicyOptions'.
          Type '{ policy: string; }' is not assignable to type 'ReferrerPolicyOptions'.
            Types of property 'policy' are incompatible.
              Type 'string' is not assignable to type 'ReferrerPolicyToken | ReferrerPolicyToken[]'.
src/middleware/helmet.ts(282,7): error TS2322: Type '{ 'X-File-Upload': string; 'X-Max-File-Size': string; 'www-authenticate'?: string; authorization?: string; 'proxy-authenticate'?: string; 'proxy-authorization'?: string; age?: string; 'cache-control'?: string; ... 84 more ...; 'x-ua-compatible'?: string; }' is not assignable to type 'HTTPHeaders'.
  Type '{ 'X-File-Upload': string; 'X-Max-File-Size': string; 'www-authenticate'?: string; authorization?: string; 'proxy-authenticate'?: string; 'proxy-authorization'?: string; age?: string; 'cache-control'?: string; ... 84 more ...; 'x-ua-compatible'?: string; }' is not assignable to type 'Record<string, string | number>'.
    Property ''set-cookie'' is incompatible with index signature.
      Type 'string | string[]' is not assignable to type 'string | number'.
        Type 'string[]' is not assignable to type 'string | number'.
src/middleware/rate-limiter.ts(240,11): error TS2345: Argument of type '({ request, set }: { body: unknown; query: Record<string, string>; params: Record<string, string>; headers: Record<string, string>; cookie: Record<string, Cookie<string>>; ... 8 more ...; error: <const Code extends number | keyof StatusMap, const T = Code extends 300 | ... 58 more ... | 511 ? { ...; }[Code] : Code>(...' is not assignable to parameter of type '(context: { body: unknown; query: Record<string, string>; params: Record<string, string>; headers: Record<string, string>; cookie: Record<string, Cookie<string>>; ... 8 more ...; error: <const Code extends number | keyof StatusMap, const T = Code extends 300 | ... 58 more ... | 511 ? { ...; }[Code] : Code>(code: Cod...'.
  Type 'Promise<Elysia<"", { decorator: {}; store: {}; derive: {}; resolve: {}; }, { typebox: {}; error: {}; }, { schema: {}; standaloneSchema: {}; macro: {}; macroFn: {}; parser: {}; }, {}, { derive: {}; resolve: {}; schema: {}; standaloneSchema: {}; }, { ...; }>>' is not assignable to type 'MaybePromise<void | Record<string, unknown> | ElysiaCustomStatusResponse<any, any, any>>'.
    Type 'Promise<Elysia<"", { decorator: {}; store: {}; derive: {}; resolve: {}; }, { typebox: {}; error: {}; }, { schema: {}; standaloneSchema: {}; macro: {}; macroFn: {}; parser: {}; }, {}, { derive: {}; resolve: {}; schema: {}; standaloneSchema: {}; }, { ...; }>>' is not assignable to type 'Promise<void | Record<string, unknown> | ElysiaCustomStatusResponse<any, any, any>>'.
      Type 'Elysia<"", { decorator: {}; store: {}; derive: {}; resolve: {}; }, { typebox: {}; error: {}; }, { schema: {}; standaloneSchema: {}; macro: {}; macroFn: {}; parser: {}; }, {}, { derive: {}; resolve: {}; schema: {}; standaloneSchema: {}; }, { ...; }>' is not assignable to type 'void | Record<string, unknown> | ElysiaCustomStatusResponse<any, any, any>'.
        Type 'Elysia<"", { decorator: {}; store: {}; derive: {}; resolve: {}; }, { typebox: {}; error: {}; }, { schema: {}; standaloneSchema: {}; macro: {}; macroFn: {}; parser: {}; }, {}, { derive: {}; resolve: {}; schema: {}; standaloneSchema: {}; }, { ...; }>' is not assignable to type 'Record<string, unknown>'.
          Index signature for type 'string' is missing in type 'Elysia<"", { decorator: {}; store: {}; derive: {}; resolve: {}; }, { typebox: {}; error: {}; }, { schema: {}; standaloneSchema: {}; macro: {}; macroFn: {}; parser: {}; }, {}, { derive: {}; resolve: {}; schema: {}; standaloneSchema: {}; }, { ...; }>'.
src/modules/analytics/analytics.router.ts(3,24): error TS2307: Cannot find module '../../../../libs/error-tracking/custom-logger.js' or its corresponding type declarations.
src/modules/analytics/analytics.router.ts(44,26): error TS2341: Property 'config' is private and only accessible within class 'AnalyticsService'.
src/modules/auth/auth.router.ts(11,29): error TS2339: Property 'user' does not exist on type '{ body: unknown; query: Record<string, string>; params: Record<string, string>; headers: Record<string, string>; cookie: Record<string, Cookie<string>>; ... 8 more ...; error: <const Code extends number | keyof StatusMap, const T = Code extends 300 | ... 58 more ... | 511 ? { ...; }[Code] : Code>(code: Code, respons...'.
src/modules/auth/auth.router.ts(51,31): error TS2339: Property 'user' does not exist on type '{ body: unknown; query: Record<string, string>; params: Record<string, string>; headers: Record<string, string>; cookie: Record<string, Cookie<string>>; ... 8 more ...; error: <const Code extends number | keyof StatusMap, const T = Code extends 300 | ... 58 more ... | 511 ? { ...; }[Code] : Code>(code: Code, respons...'.
src/modules/auth/auth.router.ts(83,32): error TS2339: Property 'user' does not exist on type '{ body: unknown; query: Record<string, string>; params: Record<string, string>; headers: Record<string, string>; cookie: Record<string, Cookie<string>>; ... 8 more ...; error: <const Code extends number | keyof StatusMap, const T = Code extends 300 | ... 58 more ... | 511 ? { ...; }[Code] : Code>(code: Code, respons...'.
src/modules/auth/auth.router.ts(206,5): error TS2322: Type '{ Location: string; 'www-authenticate'?: string; authorization?: string; 'proxy-authenticate'?: string; 'proxy-authorization'?: string; age?: string; 'cache-control'?: string; 'clear-site-data'?: string; ... 83 more ...; 'x-ua-compatible'?: string; }' is not assignable to type 'HTTPHeaders'.
  Type '{ Location: string; 'www-authenticate'?: string; authorization?: string; 'proxy-authenticate'?: string; 'proxy-authorization'?: string; age?: string; 'cache-control'?: string; 'clear-site-data'?: string; ... 83 more ...; 'x-ua-compatible'?: string; }' is not assignable to type 'Record<string, string | number>'.
    Property ''set-cookie'' is incompatible with index signature.
      Type 'string | string[]' is not assignable to type 'string | number'.
src/modules/auth/auth.router.ts(247,14): error TS2339: Property 'user' does not exist on type '{ body: unknown; query: Record<string, string>; params: Record<string, string>; headers: Record<string, string>; cookie: Record<string, Cookie<string>>; ... 8 more ...; error: <const Code extends number | keyof StatusMap, const T = Code extends 300 | ... 58 more ... | 511 ? { ...; }[Code] : Code>(code: Code, respons...'.
src/modules/auth/auth.router.ts(340,72): error TS2353: Object literal may only specify known properties, and 'role' does not exist in type '{ displayName?: string; avatarUrl?: string; bio?: string; preferences?: Record<string, any>; }'.
src/modules/deepwebai-features/deepwebai-features.router.ts(12,36): error TS2339: Property 'isDeepWebAIFlagEnabled' does not exist on type '{ body: unknown; query: Record<string, string>; params: Record<string, string>; headers: Record<string, string>; cookie: Record<string, Cookie<string>>; ... 8 more ...; error: <const Code extends number | keyof StatusMap, const T = Code extends 300 | ... 58 more ... | 511 ? { ...; }[Code] : Code>(code: Code, respons...'.
src/modules/deepwebai-features/deepwebai-features.router.ts(12,60): error TS2339: Property 'deepWebAIFlagValue' does not exist on type '{ body: unknown; query: Record<string, string>; params: Record<string, string>; headers: Record<string, string>; cookie: Record<string, Cookie<string>>; ... 8 more ...; error: <const Code extends number | keyof StatusMap, const T = Code extends 300 | ... 58 more ... | 511 ? { ...; }[Code] : Code>(code: Code, respons...'.
src/modules/deepwebai-features/deepwebai-features.router.ts(12,80): error TS2339: Property 'userContext' does not exist on type '{ body: unknown; query: Record<string, string>; params: Record<string, string>; headers: Record<string, string>; cookie: Record<string, Cookie<string>>; ... 8 more ...; error: <const Code extends number | keyof StatusMap, const T = Code extends 300 | ... 58 more ... | 511 ? { ...; }[Code] : Code>(code: Code, respons...'.
src/modules/deepwebai-features/deepwebai-features.router.ts(25,39): error TS2339: Property 'isDeepWebAIFlagEnabled' does not exist on type '{ body: unknown; query: Record<string, string>; params: Record<string, string>; headers: Record<string, string>; cookie: Record<string, Cookie<string>>; ... 8 more ...; error: <const Code extends number | keyof StatusMap, const T = Code extends 300 | ... 58 more ... | 511 ? { ...; }[Code] : Code>(code: Code, respons...'.
src/modules/deepwebai-features/deepwebai-features.router.ts(25,63): error TS2339: Property 'userContext' does not exist on type '{ body: unknown; query: Record<string, string>; params: Record<string, string>; headers: Record<string, string>; cookie: Record<string, Cookie<string>>; ... 8 more ...; error: <const Code extends number | keyof StatusMap, const T = Code extends 300 | ... 58 more ... | 511 ? { ...; }[Code] : Code>(code: Code, respons...'.
src/modules/deepwebai-features/deepwebai-features.router.ts(60,46): error TS2339: Property 'userContext' does not exist on type '{ body: unknown; query: Record<string, string>; params: Record<string, string>; headers: Record<string, string>; cookie: Record<string, Cookie<string>>; ... 8 more ...; error: <const Code extends number | keyof StatusMap, const T = Code extends 300 | ... 58 more ... | 511 ? { ...; }[Code] : Code>(code: Code, respons...'.
src/modules/deepwebai-features/deepwebai-features.router.ts(92,55): error TS2339: Property 'userContext' does not exist on type '{ body: unknown; query: Record<string, string>; params: Record<string, string>; headers: Record<string, string>; cookie: Record<string, Cookie<string>>; ... 8 more ...; error: <const Code extends number | keyof StatusMap, const T = Code extends 300 | ... 58 more ... | 511 ? { ...; }[Code] : Code>(code: Code, respons...'.
src/modules/deepwebai-features/deepwebai-features.router.ts(140,47): error TS2339: Property 'userContext' does not exist on type '{ body: unknown; query: Record<string, string>; params: Record<string, string>; headers: Record<string, string>; cookie: Record<string, Cookie<string>>; ... 8 more ...; error: <const Code extends number | keyof StatusMap, const T = Code extends 300 | ... 58 more ... | 511 ? { ...; }[Code] : Code>(code: Code, respons...'.
src/modules/deepwebai-features/deepwebai-features.router.ts(174,51): error TS2339: Property 'userContext' does not exist on type '{ body: unknown; query: Record<string, string>; params: Record<string, string>; headers: Record<string, string>; cookie: Record<string, Cookie<string>>; ... 8 more ...; error: <const Code extends number | keyof StatusMap, const T = Code extends 300 | ... 58 more ... | 511 ? { ...; }[Code] : Code>(code: Code, respons...'.
src/modules/files/file.controller.ts(62,30): error TS2339: Property 'extractImages' does not exist on type 'unknown'.
src/modules/files/file.controller.ts(63,27): error TS2339: Property 'ocrEnabled' does not exist on type 'unknown'.
src/modules/files/file.controller.ts(64,25): error TS2339: Property 'language' does not exist on type 'unknown'.
src/modules/files/file.controller.ts(65,26): error TS2339: Property 'cleanText' does not exist on type 'unknown'.
src/modules/files/file.controller.ts(66,25): error TS2339: Property 'maxPages' does not exist on type 'unknown'.
src/modules/files/file.controller.ts(67,9): error TS2698: Spread types may only be created from object types.
src/modules/files/file.controller.ts(191,25): error TS2339: Property 'language' does not exist on type 'unknown'.
src/modules/files/file.controller.ts(192,27): error TS2339: Property 'confidence' does not exist on type 'unknown'.
src/modules/files/file.controller.ts(193,32): error TS2339: Property 'preprocessImage' does not exist on type 'unknown'.
src/modules/files/file.router.ts(90,65): error TS2345: Argument of type '{ body: unknown; query: Record<string, string>; params: Record<string, string>; headers: Record<string, string>; cookie: Record<string, Cookie<string>>; ... 8 more ...; error: <const Code extends "Created" | ... 2 more ... | 400, const T extends Code extends 201 | 400 ? { ...; }[Code] : Code extends "Continue" | ......' is not assignable to parameter of type '{ body: unknown; query: Record<string, string>; params: Record<string, string>; headers: Record<string, string>; cookie: Record<string, Cookie<string>>; ... 8 more ...; error: <const Code extends number | keyof StatusMap, const T = Code extends 300 | ... 58 more ... | 511 ? { ...; }[Code] : Code>(code: Code, respons...'.
  Types of property 'status' are incompatible.
    Type '<const Code extends "Created" | "Bad Request" | 201 | 400, const T extends Code extends 201 | 400 ? { readonly 201: unknown; readonly 400: unknown; }[Code] : Code extends "Continue" | "Switching Protocols" | ... 57 more ... | "Network Authentication Required" ? { ...; }[{ ...; }[Code]] : never>(code: Code, response:...' is not assignable to type '<const Code extends number | keyof StatusMap, const T = Code extends 300 | 204 | 100 | 101 | 102 | 103 | 200 | 201 | 202 | 203 | 205 | 206 | 207 | 208 | 301 | 302 | 303 | 304 | 307 | 308 | 400 | 401 | ... 37 more ... | 511 ? { ...; }[Code] : Code>(code: Code, response?: T) => ElysiaCustomStatusResponse<...>'.
      Types of parameters 'code' and 'code' are incompatible.
        Type 'Code' is not assignable to type '"Created" | "Bad Request" | 201 | 400'.
          Type 'number | "Continue" | "Switching Protocols" | "Processing" | "Early Hints" | "OK" | "Created" | "Accepted" | "Non-Authoritative Information" | "No Content" | "Reset Content" | ... 49 more ... | "Network Authentication Required"' is not assignable to type '"Created" | "Bad Request" | 201 | 400'.
            Type 'number' is not assignable to type '"Created" | "Bad Request" | 201 | 400'.
src/modules/files/file.router.ts(106,71): error TS2345: Argument of type '{ body: unknown; query: Record<string, string>; params: Record<string, string>; headers: Record<string, string>; cookie: Record<string, Cookie<string>>; ... 8 more ...; error: <const Code extends "Accepted" | ... 4 more ... | 404, const T extends Code extends 202 | ... 1 more ... | 404 ? { ...; }[Code] : Code extend...' is not assignable to parameter of type '{ body: unknown; query: Record<string, string>; params: Record<string, string>; headers: Record<string, string>; cookie: Record<string, Cookie<string>>; ... 8 more ...; error: <const Code extends number | keyof StatusMap, const T = Code extends 300 | ... 58 more ... | 511 ? { ...; }[Code] : Code>(code: Code, respons...'.
  Types of property 'status' are incompatible.
    Type '<const Code extends "Accepted" | "Bad Request" | "Not Found" | 202 | 400 | 404, const T extends Code extends 202 | 400 | 404 ? { readonly 202: unknown; readonly 400: unknown; readonly 404: unknown; }[Code] : Code extends "Continue" | ... 58 more ... | "Network Authentication Required" ? { ...; }[{ ...; }[Code]] : ne...' is not assignable to type '<const Code extends number | keyof StatusMap, const T = Code extends 300 | 204 | 100 | 101 | 102 | 103 | 200 | 201 | 202 | 203 | 205 | 206 | 207 | 208 | 301 | 302 | 303 | 304 | 307 | 308 | 400 | 401 | ... 37 more ... | 511 ? { ...; }[Code] : Code>(code: Code, response?: T) => ElysiaCustomStatusResponse<...>'.
      Types of parameters 'code' and 'code' are incompatible.
        Type 'Code' is not assignable to type '"Accepted" | "Bad Request" | "Not Found" | 202 | 400 | 404'.
          Type 'number | "Continue" | "Switching Protocols" | "Processing" | "Early Hints" | "OK" | "Created" | "Accepted" | "Non-Authoritative Information" | "No Content" | "Reset Content" | ... 49 more ... | "Network Authentication Required"' is not assignable to type '"Accepted" | "Bad Request" | "Not Found" | 202 | 400 | 404'.
            Type 'number' is not assignable to type '"Accepted" | "Bad Request" | "Not Found" | 202 | 400 | 404'.
src/modules/files/file.service.ts(141,30): error TS2693: 'FileProcessingError' only refers to a type, but is being used as a value here.
src/modules/files/file.service.ts(256,38): error TS2693: 'FileProcessingError' only refers to a type, but is being used as a value here.
src/monitoring.ts(84,4): error TS2339: Property 'onResponse' does not exist on type 'Elysia<"", { decorator: {}; store: {}; derive: {}; resolve: {}; }, { typebox: {}; error: {}; }, { schema: {}; standaloneSchema: {}; macro: {}; macroFn: {}; parser: {}; }, {}, { derive: {}; resolve: {}; schema: {}; standaloneSchema: {}; }, { ...; }>'.
src/monitoring.ts(112,14): error TS2339: Property 'database' does not exist on type '{ status: string; timestamp: string; environment: string; uptime: number; memory: MemoryUsage; }'.
src/monitoring.ts(114,14): error TS2339: Property 'database' does not exist on type '{ status: string; timestamp: string; environment: string; uptime: number; memory: MemoryUsage; }'.
src/realtime/websocket-server.ts(10,25): error TS2339: Property 'userId' does not exist on type '{ set: { headers: HTTPHeaders; status?: number | "Continue" | "Switching Protocols" | "Processing" | "Early Hints" | "OK" | "Created" | "Accepted" | "Non-Authoritative Information" | ... 51 more ... | "Network Authentication Required"; redirect?: string; cookie?: Record<...>; }; ... 8 more ...; path: string; }'.
src/realtime/websocket-server.ts(18,25): error TS2339: Property 'userId' does not exist on type '{ set: { headers: HTTPHeaders; status?: number | "Continue" | "Switching Protocols" | "Processing" | "Early Hints" | "OK" | "Created" | "Accepted" | "Non-Authoritative Information" | ... 51 more ... | "Network Authentication Required"; redirect?: string; cookie?: Record<...>; }; ... 8 more ...; path: string; }'.
src/realtime/websocket-server.ts(25,25): error TS2339: Property 'userId' does not exist on type '{ set: { headers: HTTPHeaders; status?: number | "Continue" | "Switching Protocols" | "Processing" | "Early Hints" | "OK" | "Created" | "Accepted" | "Non-Authoritative Information" | ... 51 more ... | "Network Authentication Required"; redirect?: string; cookie?: Record<...>; }; ... 8 more ...; path: string; }'.
src/server-dev.ts(287,35): error TS2339: Property 'message' does not exist on type 'Readonly<Error> | Readonly<ValidationError> | Readonly<NotFoundError> | Readonly<ParseError> | Readonly<...> | Readonly<...> | Readonly<...> | Readonly<...>'.
  Property 'message' does not exist on type 'Readonly<ElysiaCustomStatusResponse<number, number, number>>'.
src/server-dev.ts(289,20): error TS2339: Property 'message' does not exist on type 'Readonly<Error> | Readonly<ValidationError> | Readonly<NotFoundError> | Readonly<ParseError> | Readonly<...> | Readonly<...> | Readonly<...> | Readonly<...>'.
  Property 'message' does not exist on type 'Readonly<ElysiaCustomStatusResponse<number, number, number>>'.
src/server-dev.ts(309,5): error TS1232: An import declaration can only be used at the top level of a namespace or module.
src/server-dev.ts(311,41): error TS2345: Argument of type 'IncomingMessage' is not assignable to parameter of type 'Request'.
  Type 'IncomingMessage' is missing the following properties from type 'Request': cache, credentials, destination, integrity, and 14 more.
 ELIFECYCLE  Command failed with exit code 2.
